#
# There is insufficient memory for the Java Runtime Environment to continue.
# Native memory allocation (malloc) failed to allocate 1048576 bytes for AllocateHeap
# Possible reasons:
#   The system is out of physical RAM or swap space
#   The process is running with CompressedOops enabled, and the Java Heap may be blocking the growth of the native heap
# Possible solutions:
#   Reduce memory load on the system
#   Increase physical memory or swap space
#   Check if swap backing store is full
#   Decrease Java heap size (-Xmx/-Xms)
#   Decrease number of Java threads
#   Decrease Java thread stack sizes (-Xss)
#   Set larger code cache with -XX:ReservedCodeCacheSize=
#   JVM is running with Unscaled Compressed Oops mode in which the Java heap is
#     placed in the first 4GB address space. The Java Heap base address is the
#     maximum limit for the native heap growth. Please use -XX:HeapBaseMinAddress
#     to set the Java Heap base and to place the Java Heap above 4GB virtual address.
# This output file may be truncated or incomplete.
#
#  Out of Memory Error (./src/hotspot/share/memory/allocation.cpp:46), pid=876328, tid=878636
#
# JRE version:  (11.0.8) (build )
# Java VM: OpenJDK 64-Bit Server VM (11.0.8-internal+0-adhoc..jdk11u, mixed mode, sharing, tiered, compressed oops, g1 gc, windows-amd64)
# No core dump will be written. Minidumps are not enabled by default on client versions of Windows
#

---------------  S U M M A R Y ------------

Command Line: -Dfile.encoding=UTF-8 --module-path=C:\Users\marma\OneDrive\Documents\GitHub\Quiz_Management_System\build\classes quiz_management_system.Quiz_Management_System

Host: Intel(R) Core(TM) i7-10510U CPU @ 1.80GHz, 8 cores, 15G,  Windows 10 , 64 bit Build 19041 (10.0.19041.1202)
Time: Mon Nov 15 17:54:07 2021 Egypt Standard Time elapsed time: 0 seconds (0d 0h 0m 0s)

---------------  T H R E A D  ---------------

Current thread (0x00000217ad1ac800):  JavaThread "Unknown thread" [_thread_in_vm, id=878636, stack(0x000000d4ce800000,0x000000d4ce900000)]

Stack: [0x000000d4ce800000,0x000000d4ce900000]
Native frames: (J=compiled Java code, j=interpreted, Vv=VM code, C=native code)
V  [jvm.dll+0x5dfa5a]
V  [jvm.dll+0x7175ce]
V  [jvm.dll+0x718c9f]
V  [jvm.dll+0x719363]
V  [jvm.dll+0x240e48]
V  [jvm.dll+0xb0c14]
V  [jvm.dll+0x2cf763]
V  [jvm.dll+0x6f32b7]
V  [jvm.dll+0x6f4a4f]
V  [jvm.dll+0x34bdf9]
V  [jvm.dll+0x6d66d0]
V  [jvm.dll+0x3b32ef]
V  [jvm.dll+0x3b55a1]
C  [jli.dll+0x520b]
C  [ucrtbase.dll+0x21bb2]
C  [KERNEL32.DLL+0x17034]
C  [ntdll.dll+0x52651]


---------------  P R O C E S S  ---------------

Threads class SMR info:
_java_thread_list=0x00000217ab07df10, length=0, elements={
}

Java Threads: ( => current thread )

Other Threads:

[error occurred during error reporting (printing all threads), id 0xc0000005, EXCEPTION_ACCESS_VIOLATION (0xc0000005) at pc=0x00007ffa31b8b66d]

VM state:not at safepoint (not fully initialized)

VM Mutex/Monitor currently owned by a thread: None


[error occurred during error reporting (printing compressed oops mode), id 0xc0000005, EXCEPTION_ACCESS_VIOLATION (0xc0000005) at pc=0x00007ffa31ba4097]

GC Heap History (0 events):
No events

Deoptimization events (0 events):
No events

Classes redefined (0 events):
No events

Internal exceptions (0 events):
No events

Events (1 events):
Event: 0.046 Loaded shared library C:\Program Files\OpenJDK\jdk-11.0.8.10-hotspot\bin\zip.dll


Dynamic libraries:
0x00007ff716770000 - 0x00007ff71677d000 	C:\Program Files\OpenJDK\jdk-11.0.8.10-hotspot\bin\java.exe
0x00007ffaef990000 - 0x00007ffaefb85000 	C:\WINDOWS\SYSTEM32\ntdll.dll
0x00007ffab03a0000 - 0x00007ffab03b5000 	C:\Program Files\AVG\Antivirus\aswhook.dll
0x00007ffaeda80000 - 0x00007ffaedb3e000 	C:\WINDOWS\System32\KERNEL32.DLL
0x00007ffaed2c0000 - 0x00007ffaed589000 	C:\WINDOWS\System32\KERNELBASE.dll
0x00007ffaed860000 - 0x00007ffaed960000 	C:\WINDOWS\System32\ucrtbase.dll
0x00007ffae5790000 - 0x00007ffae57a5000 	C:\Program Files\OpenJDK\jdk-11.0.8.10-hotspot\bin\VCRUNTIME140.dll
0x00007ffae5410000 - 0x00007ffae5427000 	C:\Program Files\OpenJDK\jdk-11.0.8.10-hotspot\bin\jli.dll
0x00007ffaef1e0000 - 0x00007ffaef381000 	C:\WINDOWS\System32\USER32.dll
0x00007ffaed9b0000 - 0x00007ffaed9d2000 	C:\WINDOWS\System32\win32u.dll
0x00007ffacc650000 - 0x00007ffacc8ea000 	C:\WINDOWS\WinSxS\amd64_microsoft.windows.common-controls_6595b64144ccf1df_6.0.19041.1110_none_60b5254171f9507e\COMCTL32.dll
0x00007ffaedd40000 - 0x00007ffaedd6b000 	C:\WINDOWS\System32\GDI32.dll
0x00007ffaed0b0000 - 0x00007ffaed1bb000 	C:\WINDOWS\System32\gdi32full.dll
0x00007ffaed1c0000 - 0x00007ffaed25d000 	C:\WINDOWS\System32\msvcp_win.dll
0x00007ffaedc70000 - 0x00007ffaedd0e000 	C:\WINDOWS\System32\msvcrt.dll
0x00007ffaedd10000 - 0x00007ffaedd40000 	C:\WINDOWS\System32\IMM32.DLL
0x00007ffac5e60000 - 0x00007ffac5efb000 	C:\Program Files\OpenJDK\jdk-11.0.8.10-hotspot\bin\msvcp140.dll
0x00007ffa314b0000 - 0x00007ffa31f6d000 	C:\Program Files\OpenJDK\jdk-11.0.8.10-hotspot\bin\server\jvm.dll
0x00007ffaeec50000 - 0x00007ffaeecfc000 	C:\WINDOWS\System32\ADVAPI32.dll
0x00007ffaed9e0000 - 0x00007ffaeda7b000 	C:\WINDOWS\System32\sechost.dll
0x00007ffaeeb20000 - 0x00007ffaeec4a000 	C:\WINDOWS\System32\RPCRT4.dll
0x00007ffaee710000 - 0x00007ffaee718000 	C:\WINDOWS\System32\PSAPI.DLL
0x00007ffacb050000 - 0x00007ffacb059000 	C:\WINDOWS\SYSTEM32\WSOCK32.dll
0x00007ffaee9e0000 - 0x00007ffaeea4b000 	C:\WINDOWS\System32\WS2_32.dll
0x00007fface250000 - 0x00007fface277000 	C:\WINDOWS\SYSTEM32\WINMM.dll
0x00007ffae4730000 - 0x00007ffae473a000 	C:\WINDOWS\SYSTEM32\VERSION.dll
0x00007ffaeafb0000 - 0x00007ffaeafc2000 	C:\WINDOWS\SYSTEM32\kernel.appcore.dll
0x00007ffae8b60000 - 0x00007ffae8b70000 	C:\Program Files\OpenJDK\jdk-11.0.8.10-hotspot\bin\verify.dll
0x00007ffae4a90000 - 0x00007ffae4c74000 	C:\WINDOWS\SYSTEM32\DBGHELP.DLL
0x00007ffad03c0000 - 0x00007ffad03ec000 	C:\WINDOWS\SYSTEM32\dbgcore.DLL
0x00007ffaed720000 - 0x00007ffaed7a3000 	C:\WINDOWS\System32\bcryptPrimitives.dll
0x00007ffad8b70000 - 0x00007ffad8b98000 	C:\Program Files\OpenJDK\jdk-11.0.8.10-hotspot\bin\java.dll
0x00007ffae7770000 - 0x00007ffae777a000 	C:\Program Files\OpenJDK\jdk-11.0.8.10-hotspot\bin\jimage.dll
0x00007ffacd610000 - 0x00007ffacd627000 	C:\Program Files\OpenJDK\jdk-11.0.8.10-hotspot\bin\zip.dll

dbghelp: loaded successfully - version: 4.0.5 - missing functions: none
symbol engine: initialized successfully - sym options: 0x614 - pdb path: .;C:\Program Files\OpenJDK\jdk-11.0.8.10-hotspot\bin;C:\WINDOWS\SYSTEM32;C:\Program Files\AVG\Antivirus;C:\WINDOWS\WinSxS\amd64_microsoft.windows.common-controls_6595b64144ccf1df_6.0.19041.1110_none_60b5254171f9507e;C:\Program Files\OpenJDK\jdk-11.0.8.10-hotspot\bin\server

VM Arguments:
jvm_args: -Dfile.encoding=UTF-8 --module-path=C:\Users\marma\OneDrive\Documents\GitHub\Quiz_Management_System\build\classes 
java_command: quiz_management_system.Quiz_Management_System
java_class_path (initial): C:\Users\marma\OneDrive\Documents\GitHub\Quiz_Management_System\build\classes
Launcher Type: SUN_STANDARD

[Global flags]
     intx CICompilerCount                          = 4                                         {product} {ergonomic}
     uint G1ConcRefinementThreads                  = 8                                         {product} {ergonomic}
   size_t G1HeapRegionSize                         = 1048576                                   {product} {ergonomic}
    uintx GCDrainStackTargetSize                   = 64                                        {product} {ergonomic}
   size_t InitialHeapSize                          = 266338304                                 {product} {ergonomic}
   size_t MaxHeapSize                              = 4240441344                                {product} {ergonomic}
   size_t MinHeapDeltaBytes                        = 1048576                                   {product} {ergonomic}
    uintx NonNMethodCodeHeapSize                   = 5836300                                {pd product} {ergonomic}
    uintx NonProfiledCodeHeapSize                  = 122910970                              {pd product} {ergonomic}
    uintx ProfiledCodeHeapSize                     = 122910970                              {pd product} {ergonomic}
    uintx ReservedCodeCacheSize                    = 251658240                              {pd product} {ergonomic}
     bool SegmentedCodeCache                       = true                                      {product} {ergonomic}
     bool UseCompressedClassPointers               = true                                 {lp64_product} {ergonomic}
     bool UseCompressedOops                        = true                                 {lp64_product} {ergonomic}
     bool UseG1GC                                  = true                                      {product} {ergonomic}
     bool UseLargePagesIndividualAllocation        = false                                  {pd product} {ergonomic}

Logging:
Log output configuration:
 #0: stdout all=warning uptime,level,tags
 #1: stderr all=off uptime,level,tags

Environment Variables:
JAVA_HOME=C:\Program Files\JAVA\JDK
PATH=C:\Program Files\Common Files\Oracle\Java\javapath;C:\Program Files\OpenJDK\jdk-11.0.8.10-hotspot\bin;C:\windows\system32;C:\windows;C:\windows\System32\Wbem;C:\windows\System32\WindowsPowerShell\v1.0\;C:\windows\System32\OpenSSH\;C:\Program Files (x86)\NVIDIA Corporation\PhysX\Common;C:\Program Files\NVIDIA Corporation\NVIDIA NvDLISR;C:\WINDOWS\system32;C:\WINDOWS;C:\WINDOWS\System32\Wbem;C:\WINDOWS\System32\WindowsPowerShell\v1.0\;C:\WINDOWS\System32\OpenSSH\;C:\Android;C:\Windows\System32;C:\Program Files\JAVA\JDK\bin
USERNAME=marma
OS=Windows_NT
PROCESSOR_IDENTIFIER=Intel64 Family 6 Model 142 Stepping 12, GenuineIntel



---------------  S Y S T E M  ---------------

OS: Windows 10 , 64 bit Build 19041 (10.0.19041.1202)
OS uptime: 5 days 12:10 hours

CPU:total 8 (initial active 8) (4 cores per cpu, 2 threads per core) family 6 model 142 stepping 12, cmov, cx8, fxsr, mmx, sse, sse2, sse3, ssse3, sse4.1, sse4.2, popcnt, avx, avx2, aes, clmul, erms, 3dnowpref, lzcnt, ht, tsc, tscinvbit, bmi1, bmi2, adx, fma

Memory: 4k page, system-wide physical 16171M (390M free)
TotalPageFile size 46540M (AvailPageFile size 15M)
current process WorkingSet (physical memory assigned to process): 9M, peak: 9M
current process commit charge ("private bytes"): 11M, peak: 12M

vm_info: OpenJDK 64-Bit Server VM (11.0.8-internal+0-adhoc..jdk11u) for windows-amd64 JRE (11.0.8-internal+0-adhoc..jdk11u), built on Jul 17 2020 14:11:18 by "" with MS VC++ 15.9 (VS2017)

END.
